<?xml version="1.0" encoding="UTF-8"?>
<!-- Generated by org.testng.reporters.JUnitXMLReporter -->
<testsuite ignored="0" hostname="Alawis-MBP.home" failures="0" tests="5" name="Default test" time="33.58" errors="0" timestamp="2022-12-30T21:26:03 EST">
  <testcase classname="NewCompany.NewProject.TestCases" name="test1" time="1.226"/>
  <testcase classname="NewCompany.NewProject.TestCases" name="test2" time="1.025"/>
  <testcase classname="NewCompany.NewProject.TestCases" name="test3" time="3.68"/>
  <testcase classname="NewCompany.NewProject.TestCases" name="test4" time="14.162"/>
  <testcase classname="NewCompany.NewProject.TestCases" name="test5" time="10.139"/>
</testsuite> <!-- Default test -->
